<?xml version="1.0" encoding="UTF-8"?>
<!-- Generated by org.testng.reporters.JUnitXMLReporter -->
<testsuite hostname="YPH1008818LT" name="Default test" tests="3" failures="0" timestamp="27 Oct 2021 13:34:40 GMT" time="1.416" errors="0">
  <testcase name="checkDBConnectionTest" time="0.303" classname="com.sc.test.HyperSqlDBConnectionTest"/>
  <testcase name="createTableTest" time="0.0" classname="com.sc.test.HyperSqlDBConnectionTest"/>
  <testcase name="readRecordsFromDBTest" time="0.016" classname="com.sc.test.HyperSqlDBConnectionTest"/>
</testsuite> <!-- Default test -->
