<?xml version="1.0" encoding="UTF-8"?>
<!-- Generated by org.testng.reporters.JUnitXMLReporter -->
<testsuite hostname="YPH1008818LT" name="DBConnectivityTest" tests="3" failures="0" timestamp="27 Oct 2021 13:01:15 GMT" time="0.047" errors="0">
  <testcase name="checkDBConnectionTest" time="0.016" classname="com.sc.test.HyperSqlDBConnectionTest"/>
  <testcase name="createTableTest" time="0.0" classname="com.sc.test.HyperSqlDBConnectionTest"/>
  <testcase name="readRecordsFromDBTest" time="0.0" classname="com.sc.test.HyperSqlDBConnectionTest"/>
</testsuite> <!-- DBConnectivityTest -->
