<?xml version="1.0" encoding="UTF-8"?>
<!-- Generated by org.testng.reporters.JUnitXMLReporter -->
<testsuite hostname="YPH1008818LT" name="Test" tests="5" failures="0" timestamp="27 Oct 2021 13:30:11 GMT" time="1.771" errors="0">
  <testcase name="logProcessingTest" time="0.653" classname="com.sc.test.End2EndPositiveScenarioWithExtentReport"/>
  <testcase name="checkDBConnectionTest" time="0.0" classname="com.sc.test.HyperSqlDBConnectionTest"/>
  <testcase name="createTableTest" time="0.016" classname="com.sc.test.HyperSqlDBConnectionTest"/>
  <testcase name="readRecordsFromDBTest" time="0.0" classname="com.sc.test.HyperSqlDBConnectionTest"/>
  <testcase name="f" time="0.0" classname="com.sc.test.End2EndScenarioTest"/>
</testsuite> <!-- Test -->
