<?xml version="1.0" encoding="UTF-8"?>
<!-- Generated by org.testng.reporters.JUnitXMLReporter -->
<testsuite hostname="YPH1008818LT" ignored="0" name="Test" tests="4" failures="0" timestamp="27 Oct 2021 14:40:10 GMT" time="2.335" errors="0">
  <testcase name="logProcessingTest" time="1.206" classname="com.sc.test.End2EndPositiveScenarioWithExtentReport"/>
  <testcase name="checkDBConnectionTest" time="0.009" classname="com.sc.test.HyperSqlDBConnectionTest"/>
  <testcase name="createTableTest" time="0.004" classname="com.sc.test.HyperSqlDBConnectionTest"/>
  <testcase name="readRecordsFromDBTest" time="0.015" classname="com.sc.test.HyperSqlDBConnectionTest"/>
</testsuite> <!-- Test -->
