<?xml version="1.0" encoding="UTF-8"?>
<testsuite xmlns:xsi="http://www.w3.org/2001/XMLSchema-instance" xsi:noNamespaceSchemaLocation="https://maven.apache.org/surefire/maven-surefire-plugin/xsd/surefire-test-report-3.0.xsd" version="3.0" name="TestSuite" time="4.272" tests="4" errors="0" skipped="0" failures="0">
  <properties>
[...]
</properties>
  <testcase name="logProcessingTest" classname="com.sc.test.End2EndPositiveScenarioWithExtentReport" time="1.203">
    <system-out><![CDATA[[INFO ] 2021-10-27 20:10:08.941 [main] Log - ****** ***********************************************************
[INFO ] 2021-10-27 20:10:08.959 [main] Log - ***** Initializing Test Execution for End2EndTest ****************
[INFO ] 2021-10-27 20:10:08.959 [main] Log - ******************************************************************
C:\Users\praful.kambe\Desktop\logfile.txt
Proceeding with Test
[WARN ] 2021-10-27 20:10:09.782 [main] Log - Deleting all entries in DB table : LogEvents
SQL Query: CREATE TABLE IF NOT EXISTS LogEvents (Event_Id VARCHAR(50) NOT NULL, Event_Duration INT NOT NULL, Event_Type VARCHAR(50), Host VARCHAR(50), Alert BOOLEAN DEFAULT FALSE NOT NULL)
[INFO ] 2021-10-27 20:10:09.806 [main] Log - Creating LogEvents table
[INFO ] 2021-10-27 20:10:09.822 [main] Log - Closing DB connection.
]]></system-out>
  </testcase>
  <testcase name="checkDBConnectionTest" classname="com.sc.test.HyperSqlDBConnectionTest" time="0.014">
    <system-out><![CDATA[[INFO ] 2021-10-27 20:10:10.282 [main] Log - ******************************************************
[INFO ] 2021-10-27 20:10:10.282 [main] Log - ****** Finished Test Execution for End2EndTest *******
[INFO ] 2021-10-27 20:10:10.283 [main] Log - ******************************************************
[INFO ] 2021-10-27 20:10:10.285 [main] Log - *****************************************************************************************
[INFO ] 2021-10-27 20:10:10.285 [main] Log - ****** Initializing Test Execution for class com.sc.test.HyperSqlDBConnectionTest *******
[INFO ] 2021-10-27 20:10:10.286 [main] Log - *****************************************************************************************
[INFO ] 2021-10-27 20:10:10.293 [main] Log - DB Connection is successful
[INFO ] 2021-10-27 20:10:10.296 [main] Log - Closing DB connection.
]]></system-out>
  </testcase>
  <testcase name="createTableTest" classname="com.sc.test.HyperSqlDBConnectionTest" time="0.018">
    <system-out><![CDATA[[INFO ] 2021-10-27 20:10:10.300 [main] Log - DB Connection is successful
SQL Query: CREATE TABLE IF NOT EXISTS LogEvents (Event_Id VARCHAR(50) NOT NULL, Event_Duration INT NOT NULL, Event_Type VARCHAR(50), Host VARCHAR(50), Alert BOOLEAN DEFAULT FALSE NOT NULL)
[INFO ] 2021-10-27 20:10:10.300 [main] Log - Creating LogEvents table
[INFO ] 2021-10-27 20:10:10.301 [main] Log - Closing DB connection.
]]></system-out>
  </testcase>
  <testcase name="readRecordsFromDBTest" classname="com.sc.test.HyperSqlDBConnectionTest" time="0.04">
    <system-out><![CDATA[[INFO ] 2021-10-27 20:10:10.305 [main] Log - DB Connection is successful
******** Printing DB Records *******
EVENT_ID scsmbstgrx,  EVENT_DURATION 7,  EVENT_TYPE APPLICATION_LOG,  HOST 12345,  ALERT TRUE
EVENT_ID scsmbstgry,  EVENT_DURATION 1,  EVENT_TYPE null,  HOST null,  ALERT FALSE
EVENT_ID scsmbstgrz,  EVENT_DURATION 8,  EVENT_TYPE null,  HOST null,  ALERT TRUE
********** END ***********
[INFO ] 2021-10-27 20:10:10.316 [main] Log - Closing DB connection.
]]></system-out>
  </testcase>
</testsuite>